<?xml version="1.0" encoding="UTF-8"?>
<!-- Generated by org.testng.reporters.JUnitReportReporter -->
<testsuite skipped="0" hostname="MSI" name="org.test.B" tests="4" failures="0" timestamp="05 Jan 2021 18:36:07 GMT" time="0.013" errors="0">
  <testcase name="tc4" time="0.009" classname="org.test.B"/>
  <testcase name="tc5" time="0.001" classname="org.test.B"/>
  <testcase name="tc6" time="0.001" classname="org.test.B"/>
  <testcase name="tc7" time="0.002" classname="org.test.B"/>
</testsuite> <!-- org.test.B -->
