<?xml version="1.0" encoding="UTF-8"?>
<!-- Generated by org.testng.reporters.JUnitReportReporter -->
<testsuite skipped="0" hostname="MSI" name="org.test.C" tests="3" failures="0" timestamp="05 Jan 2021 18:36:07 GMT" time="0.012" errors="0">
  <testcase name="tc22" time="0.002" classname="org.test.C"/>
  <testcase name="tc33" time="0.001" classname="org.test.C"/>
  <testcase name="tc11" time="0.009" classname="org.test.C"/>
</testsuite> <!-- org.test.C -->
